Job ID           : 52086084
Cluster          : spartan
User/Project     : psnguyen/punim0614
Nodes            : 1
Wall-clock time  : 00:00:30 / 16:00:00

Displaying overall resources usage from 2023-10-05 15:35:15 to 2023-10-05 15:35:46:

NODE            CPU#        TOT%   ( USR   / SYS   / WIO   / IDLE  ) 

spartan-bm039 : 
                CPU# 1    : 3.8    (   1.5 /   2.4 /   0.0 /  96.2 ) 


Allocated CPUs            : 1    
  CPUs with usage <25%    : 1    
  CPUs with usage <50%    : 0    
  CPUs with usage >50%    : 0    

Memory used (RAM)         : 0.0%  [3MB of 17180MB]

--------------------------------------------

── Attaching core tidyverse packages ──────────────────────── tidyverse 2.0.0 ──
✔ dplyr     1.1.3     ✔ readr     2.1.4
✔ forcats   1.0.0     ✔ stringr   1.5.0
✔ ggplot2   3.4.3     ✔ tibble    3.2.1
✔ lubridate 1.9.2     ✔ tidyr     1.3.0
✔ purrr     1.0.2     
── Conflicts ────────────────────────────────────────── tidyverse_conflicts() ──
✖ dplyr::filter() masks stats::filter()
✖ dplyr::lag()    masks stats::lag()
ℹ Use the conflicted package (<http://conflicted.r-lib.org/>) to force all conflicts to become errors

Attaching package: ‘data.table’

The following objects are masked from ‘package:lubridate’:

    hour, isoweek, mday, minute, month, quarter, second, wday, week,
    yday, year

The following objects are masked from ‘package:dplyr’:

    between, first, last

The following object is masked from ‘package:purrr’:

    transpose

slurmstepd: error: *** JOB 52086084 ON spartan-bm039 CANCELLED AT 2023-10-06T07:35:40 DUE TO TIME LIMIT ***
