Job ID           : 51997862
Cluster          : spartan
User/Project     : psnguyen/punim0614
Nodes            : 1
Wall-clock time  : 00:00:31 / 12:00:00

Displaying overall resources usage from 2023-10-03 13:33:24 to 2023-10-03 13:33:55:

NODE            CPU#        TOT%   ( USR   / SYS   / WIO   / IDLE  ) 

spartan-bm029 : 
                CPU# 1    : 0.8    (   0.3 /   0.5 /   0.0 /  99.2 ) 


Allocated CPUs            : 1    
  CPUs with usage <25%    : 1    
  CPUs with usage <50%    : 0    
  CPUs with usage >50%    : 0    

Memory used (RAM)         : 0.0%  [3MB of 17180MB]

--------------------------------------------

── Attaching core tidyverse packages ──────────────────────── tidyverse 2.0.0 ──
✔ dplyr     1.1.3     ✔ readr     2.1.4
✔ forcats   1.0.0     ✔ stringr   1.5.0
✔ ggplot2   3.4.3     ✔ tibble    3.2.1
✔ lubridate 1.9.2     ✔ tidyr     1.3.0
✔ purrr     1.0.2     
── Conflicts ────────────────────────────────────────── tidyverse_conflicts() ──
✖ dplyr::filter() masks stats::filter()
✖ dplyr::lag()    masks stats::lag()
ℹ Use the conflicted package (<http://conflicted.r-lib.org/>) to force all conflicts to become errors

Attaching package: ‘data.table’

The following objects are masked from ‘package:lubridate’:

    hour, isoweek, mday, minute, month, quarter, second, wday, week,
    yday, year

The following objects are masked from ‘package:dplyr’:

    between, first, last

The following object is masked from ‘package:purrr’:

    transpose

[1] "seed 21"
[1] "Trial 1: 10000 iterations, ELBO = -183540791.19063"
[1] "ELBO increased by 234.213731944561 in the last 100 iterations"
slurmstepd: error: *** JOB 51997862 ON spartan-bm029 CANCELLED AT 2023-10-04T01:33:47 DUE TO TIME LIMIT ***
